<?xml version="1.0" encoding="UTF-8"?>
<testsuite xmlns:xsi="http://www.w3.org/2001/XMLSchema-instance" xsi:noNamespaceSchemaLocation="https://maven.apache.org/surefire/maven-surefire-plugin/xsd/surefire-test-report.xsd" name="br.edu.ficdev.TurmaControllerTest" time="0.459" tests="1" errors="0" skipped="0" failures="1">
  <properties>
[...]
</properties>
  <testcase name="testAddTurma" classname="br.edu.ficdev.TurmaControllerTest" time="0.223">
    <failure message="&#10;Wanted but not invoked:&#10;turmaRepository.save(&#10;    br.edu.ficdev.model.Turma@797c67c&#10;);&#10;-&gt; at br.edu.ficdev.TurmaControllerTest.testAddTurma(TurmaControllerTest.java:65)&#10;Actually, there were zero interactions with this mock.&#10;" type="org.mockito.exceptions.verification.WantedButNotInvoked">org.mockito.exceptions.verification.WantedButNotInvoked: 

Wanted but not invoked:
turmaRepository.save(
    br.edu.ficdev.model.Turma@797c67c
);
-> at br.edu.ficdev.TurmaControllerTest.testAddTurma(TurmaControllerTest.java:65)
Actually, there were zero interactions with this mock.

	at br.edu.ficdev.TurmaControllerTest.testAddTurma(TurmaControllerTest.java:65)
</failure>
    <system-out><![CDATA[2023-07-08T10:36:50.622-04:00  INFO 42887 --- [           main] t.c.s.AnnotationConfigContextLoaderUtils : Could not detect default configuration classes for test class [br.edu.ficdev.TurmaControllerTest]: TurmaControllerTest does not declare any static, non-private, non-final, nested classes annotated with @Configuration.
2023-07-08T10:36:50.624-04:00  INFO 42887 --- [           main] .b.t.c.SpringBootTestContextBootstrapper : Found @SpringBootConfiguration br.edu.ficdev.ProjetoTurmaTesteApplication for test class br.edu.ficdev.TurmaControllerTest

  .   ____          _            __ _ _
 /\\ / ___'_ __ _ _(_)_ __  __ _ \ \ \ \
( ( )\___ | '_ | '_| | '_ \/ _` | \ \ \ \
 \\/  ___)| |_)| | | | | || (_| |  ) ) ) )
  '  |____| .__|_| |_|_| |_\__, | / / / /
 =========|_|==============|___/=/_/_/_/
 :: Spring Boot ::                (v3.0.8)

2023-07-08T10:36:50.633-04:00  INFO 42887 --- [           main] br.edu.ficdev.TurmaControllerTest        : Starting TurmaControllerTest using Java 17.0.7 with PID 42887 (started by pedroclarindodasilvaneto in /Users/pedroclarindodasilvaneto/Documents/workspace-spring-tool-suite-4-4.19.0.RELEASE/ProjetoTurmaTeste)
2023-07-08T10:36:50.633-04:00  INFO 42887 --- [           main] br.edu.ficdev.TurmaControllerTest        : No active profile set, falling back to 1 default profile: "default"
2023-07-08T10:36:50.689-04:00  INFO 42887 --- [           main] .s.d.r.c.RepositoryConfigurationDelegate : Bootstrapping Spring Data JPA repositories in DEFAULT mode.
2023-07-08T10:36:50.691-04:00  INFO 42887 --- [           main] .s.d.r.c.RepositoryConfigurationDelegate : Finished Spring Data repository scanning in 2 ms. Found 1 JPA repository interfaces.
2023-07-08T10:36:50.724-04:00  INFO 42887 --- [           main] o.hibernate.jpa.internal.util.LogHelper  : HHH000204: Processing PersistenceUnitInfo [name: default]
2023-07-08T10:36:50.726-04:00  INFO 42887 --- [           main] com.zaxxer.hikari.HikariDataSource       : HikariPool-2 - Starting...
2023-07-08T10:36:50.732-04:00  INFO 42887 --- [           main] com.zaxxer.hikari.pool.HikariPool        : HikariPool-2 - Added connection org.postgresql.jdbc.PgConnection@662061e3
2023-07-08T10:36:50.732-04:00  INFO 42887 --- [           main] com.zaxxer.hikari.HikariDataSource       : HikariPool-2 - Start completed.
2023-07-08T10:36:50.734-04:00  INFO 42887 --- [           main] SQL dialect                              : HHH000400: Using dialect: org.hibernate.dialect.PostgreSQLDialect
2023-07-08T10:36:50.757-04:00  INFO 42887 --- [           main] o.h.e.t.j.p.i.JtaPlatformInitiator       : HHH000490: Using JtaPlatform implementation: [org.hibernate.engine.transaction.jta.platform.internal.NoJtaPlatform]
2023-07-08T10:36:50.757-04:00  INFO 42887 --- [           main] j.LocalContainerEntityManagerFactoryBean : Initialized JPA EntityManagerFactory for persistence unit 'default'
2023-07-08T10:36:50.784-04:00  WARN 42887 --- [           main] JpaBaseConfiguration$JpaWebConfiguration : spring.jpa.open-in-view is enabled by default. Therefore, database queries may be performed during view rendering. Explicitly configure spring.jpa.open-in-view to disable this warning
2023-07-08T10:36:50.824-04:00  INFO 42887 --- [           main] o.s.b.t.m.w.SpringBootMockServletContext : Initializing Spring TestDispatcherServlet ''
2023-07-08T10:36:50.824-04:00  INFO 42887 --- [           main] o.s.t.web.servlet.TestDispatcherServlet  : Initializing Servlet ''
2023-07-08T10:36:50.825-04:00  INFO 42887 --- [           main] o.s.t.web.servlet.TestDispatcherServlet  : Completed initialization in 0 ms
2023-07-08T10:36:50.829-04:00  INFO 42887 --- [           main] br.edu.ficdev.TurmaControllerTest        : Started TurmaControllerTest in 0.202 seconds (process running for 1.73)

MockHttpServletRequest:
      HTTP Method = POST
      Request URI = /turma
       Parameters = {nome=[Turma A], numeroAlunos=[30]}
          Headers = []
             Body = null
    Session Attrs = {}

Handler:
             Type = br.edu.ficdev.controller.TurmaController
           Method = br.edu.ficdev.controller.TurmaController#addTurma(Turma)

Async:
    Async started = false
     Async result = null

Resolved Exception:
             Type = null

ModelAndView:
        View name = add-turma
             View = null
        Attribute = turma
            value = br.edu.ficdev.model.Turma@6bfc5296
           errors = []
        Attribute = mensagem
            value = Salvo com sucesso!

FlashMap:
       Attributes = null

MockHttpServletResponse:
           Status = 200
    Error message = null
          Headers = [Content-Language:"en", Content-Type:"text/html;charset=UTF-8"]
     Content type = text/html;charset=UTF-8
             Body = <!DOCTYPE html>
<html>
<head>
    <title>Cadastro de Turma</title>
    <meta charset="UTF-8">
    <meta name="viewport" content="width=device-width, initial-scale=1">
    <link rel="stylesheet" href="https://stackpath.bootstrapcdn.com/bootstrap/4.3.1/css/bootstrap.min.css">
</head>
<body>
    <div class="container">
        <h2>Cadastro de Turma</h2>
        
        
        <form action="/turma" method="post">
			
	<div class="alert alert-success alert-dismissible" role= "alert">
        <button type="button" class="close" data-dismiss="alert" ></button>
	<span>Salvo com sucesso!</span>
	</div>
				
			
            <div class="form-group">
                <label for="nome">Nome da Turma:</label>
                <input type="text" class="form-control" id="nome" name="nome" value="Turma A">
            </div>
            <div class="form-group">
                <label for="numeroAlunos">Número de Alunos:</label>
                <input type="number" class="form-control" id="numeroAlunos" name="numeroAlunos" value="30">
            </div>
            <button type="submit" class="btn btn-primary">Cadastrar</button>
        </form>
    </div>
    <script src="https://stackpath.bootstrapcdn.com/bootstrap/4.3.1/js/bootstrap.min.js"></script>
</body>
</html>


    Forwarded URL = null
   Redirected URL = null
          Cookies = []
]]></system-out>
  </testcase>
</testsuite>